<?xml version="1.0" encoding="UTF-8"?>
<testsuite name="JUnitTest" tests="1" skipped="0" failures="0" errors="0" timestamp="2024-06-25T14:00:26" hostname="Kums-Mac-mini.local" time="0.008">
  <properties/>
  <testcase name="1 + 2는 3이다" classname="JUnitTest" time="0.008"/>
  <system-out><![CDATA[]]></system-out>
  <system-err><![CDATA[]]></system-err>
</testsuite>
